This file contains any messages produced by compilers while
running configure, to aid debugging if configure makes a mistake.

It was created by libjpeg configure 9.2.0, which was
generated by GNU Autoconf 2.69.  Invocation command line was

  $ ./configure --enable-shared=no --enable-static=yes

## --------- ##
## Platform. ##
## --------- ##

hostname = darkmatter
uname -m = x86_64
uname -r = 5.3.0-24-generic
uname -s = Linux
uname -v = #26-Ubuntu SMP Thu Nov 14 01:33:18 UTC 2019

/usr/bin/uname -p = x86_64
/bin/uname -X     = unknown

/bin/arch              = x86_64
/usr/bin/arch -k       = unknown
/usr/convex/getsysinfo = unknown
/usr/bin/hostinfo      = unknown
/bin/machine           = unknown
/usr/bin/oslevel       = unknown
/bin/universe          = unknown

PATH: /usr/local/sbin
PATH: /usr/local/bin
PATH: /usr/sbin
PATH: /usr/bin
PATH: /sbin
PATH: /bin
PATH: /usr/games
PATH: /usr/local/games
PATH: /snap/bin


## ----------- ##
## Core tests. ##
## ----------- ##

configure:2268: checking build system type
configure:2282: result: x86_64-unknown-linux-gnu
configure:2302: checking host system type
configure:2315: result: x86_64-unknown-linux-gnu
configure:2335: checking target system type
configure:2348: result: x86_64-unknown-linux-gnu
configure:2393: checking for a BSD-compatible install
configure:2461: result: /usr/bin/install -c
configure:2472: checking whether build environment is sane
configure:2527: result: yes
configure:2676: checking for a thread-safe mkdir -p
configure:2715: result: /usr/bin/mkdir -p
configure:2722: checking for gawk
configure:2752: result: no
configure:2722: checking for mawk
configure:2738: found /usr/bin/mawk
configure:2749: result: mawk
configure:2760: checking whether make sets $(MAKE)
configure:2782: result: yes
configure:2811: checking whether make supports nested variables
configure:2828: result: yes
configure:2969: checking whether make supports nested variables
configure:2986: result: yes
configure:3002: checking whether to enable maintainer-specific portions of Makefiles
configure:3011: result: no
configure:3074: checking for gcc
configure:3090: found /usr/bin/gcc
configure:3101: result: gcc
configure:3330: checking for C compiler version
configure:3339: gcc --version >&5
gcc (Ubuntu 9.2.1-9ubuntu2) 9.2.1 20191008
Copyright (C) 2019 Free Software Foundation, Inc.
This is free software; see the source for copying conditions.  There is NO
warranty; not even for MERCHANTABILITY or FITNESS FOR A PARTICULAR PURPOSE.

configure:3350: $? = 0
configure:3339: gcc -v >&5
Using built-in specs.
COLLECT_GCC=gcc
COLLECT_LTO_WRAPPER=/usr/lib/gcc/x86_64-linux-gnu/9/lto-wrapper
OFFLOAD_TARGET_NAMES=nvptx-none:hsa
OFFLOAD_TARGET_DEFAULT=1
Target: x86_64-linux-gnu
Configured with: ../src/configure -v --with-pkgversion='Ubuntu 9.2.1-9ubuntu2' --with-bugurl=file:///usr/share/doc/gcc-9/README.Bugs --enable-languages=c,ada,c++,go,brig,d,fortran,objc,obj-c++,gm2 --prefix=/usr --with-gcc-major-version-only --program-suffix=-9 --program-prefix=x86_64-linux-gnu- --enable-shared --enable-linker-build-id --libexecdir=/usr/lib --without-included-gettext --enable-threads=posix --libdir=/usr/lib --enable-nls --enable-bootstrap --enable-clocale=gnu --enable-libstdcxx-debug --enable-libstdcxx-time=yes --with-default-libstdcxx-abi=new --enable-gnu-unique-object --disable-vtable-verify --enable-plugin --enable-default-pie --with-system-zlib --with-target-system-zlib=auto --enable-multiarch --disable-werror --with-arch-32=i686 --with-abi=m64 --with-multilib-list=m32,m64,mx32 --enable-multilib --with-tune=generic --enable-offload-targets=nvptx-none,hsa --without-cuda-driver --enable-checking=release --build=x86_64-linux-gnu --host=x86_64-linux-gnu --target=x86_64-linux-gnu
Thread model: posix
gcc version 9.2.1 20191008 (Ubuntu 9.2.1-9ubuntu2) 
configure:3350: $? = 0
configure:3339: gcc -V >&5
gcc: error: unrecognized command line option '-V'
gcc: fatal error: no input files
compilation terminated.
configure:3350: $? = 1
configure:3339: gcc -qversion >&5
gcc: error: unrecognized command line option '-qversion'; did you mean '--version'?
gcc: fatal error: no input files
compilation terminated.
configure:3350: $? = 1
configure:3370: checking whether the C compiler works
configure:3392: gcc    conftest.c  >&5
configure:3396: $? = 0
configure:3444: result: yes
configure:3447: checking for C compiler default output file name
configure:3449: result: a.out
configure:3455: checking for suffix of executables
configure:3462: gcc -o conftest    conftest.c  >&5
configure:3466: $? = 0
configure:3488: result: 
configure:3510: checking whether we are cross compiling
configure:3518: gcc -o conftest    conftest.c  >&5
configure:3522: $? = 0
configure:3529: ./conftest
configure:3533: $? = 0
configure:3521: result: no
configure:3526: checking for suffix of object files
configure:3548: gcc -c   conftest.c >&5
configure:3552: $? = 0
configure:3573: result: o
configure:3577: checking whether we are using the GNU C compiler
configure:3596: gcc -c   conftest.c >&5
configure:3596: $? = 0
configure:3605: result: yes
configure:3614: checking whether gcc accepts -g
configure:3634: gcc -c -g  conftest.c >&5
configure:3634: $? = 0
configure:3675: result: yes
configure:3692: checking for gcc option to accept ISO C89
configure:3755: gcc  -c -g -O2  conftest.c >&5
configure:3755: $? = 0
configure:3768: result: none needed
configure:3793: checking whether gcc understands -c and -o together
configure:3815: gcc -c conftest.c -o conftest2.o
configure:3818: $? = 0
configure:3815: gcc -c conftest.c -o conftest2.o
configure:3818: $? = 0
configure:3830: result: yes
configure:3858: checking for style of include used by make
configure:3886: result: GNU
configure:3912: checking dependency style of gcc
configure:4023: result: gcc3
configure:4042: checking for gcc option to accept ISO C99
configure:4191: gcc  -c -g -O2  conftest.c >&5
configure:4191: $? = 0
configure:4204: result: none needed
configure:4312: checking for gcc option to accept ISO Standard C
configure:4323: result: none needed
configure:4335: checking how to run the C preprocessor
configure:4366: gcc -E  conftest.c
configure:4366: $? = 0
configure:4380: gcc -E  conftest.c
conftest.c:11:10: fatal error: ac_nonexistent.h: No such file or directory
   11 | #include <ac_nonexistent.h>
      |          ^~~~~~~~~~~~~~~~~~
compilation terminated.
configure:4380: $? = 1
configure: failed program was:
| /* confdefs.h */
| #define PACKAGE_NAME "libjpeg"
| #define PACKAGE_TARNAME "libjpeg"
| #define PACKAGE_VERSION "9.2.0"
| #define PACKAGE_STRING "libjpeg 9.2.0"
| #define PACKAGE_BUGREPORT ""
| #define PACKAGE_URL ""
| #define PACKAGE "libjpeg"
| #define VERSION "9.2.0"
| /* end confdefs.h.  */
| #include <ac_nonexistent.h>
configure:4405: result: gcc -E
configure:4425: gcc -E  conftest.c
configure:4425: $? = 0
configure:4439: gcc -E  conftest.c
conftest.c:11:10: fatal error: ac_nonexistent.h: No such file or directory
   11 | #include <ac_nonexistent.h>
      |          ^~~~~~~~~~~~~~~~~~
compilation terminated.
configure:4439: $? = 1
configure: failed program was:
| /* confdefs.h */
| #define PACKAGE_NAME "libjpeg"
| #define PACKAGE_TARNAME "libjpeg"
| #define PACKAGE_VERSION "9.2.0"
| #define PACKAGE_STRING "libjpeg 9.2.0"
| #define PACKAGE_BUGREPORT ""
| #define PACKAGE_URL ""
| #define PACKAGE "libjpeg"
| #define VERSION "9.2.0"
| /* end confdefs.h.  */
| #include <ac_nonexistent.h>
configure:4468: checking whether make sets $(MAKE)
configure:4490: result: yes
configure:4499: checking whether ln -s works
configure:4503: result: yes
configure:4560: checking for ar
configure:4576: found /usr/bin/ar
configure:4587: result: ar
configure:4613: checking the archiver (ar) interface
configure:4629: gcc -c -g -O2  conftest.c >&5
configure:4629: $? = 0
configure:4631: ar cru libconftest.a conftest.o >&5
ar: `u' modifier ignored since `D' is the default (see `U')
configure:4634: $? = 0
configure:4633: result: ar
configure:4662: checking if LD -Wl,--version-script works
configure:4686: gcc -o conftest -g -O2   -Wl,--version-script=conftest.map conftest.c  >&5
configure:4686: $? = 0
configure:4695: result: yes
configure:4708: checking for function prototypes
configure:4728: gcc -c -g -O2  conftest.c >&5
configure:4728: $? = 0
configure:4736: result: yes
configure:4757: checking for grep that handles long lines and -e
configure:4815: result: /usr/bin/grep
configure:4820: checking for egrep
configure:4882: result: /usr/bin/grep -E
configure:4887: checking for ANSI C header files
configure:4907: gcc -c -g -O2  conftest.c >&5
configure:4907: $? = 0
configure:4980: gcc -o conftest -g -O2   conftest.c  >&5
configure:4980: $? = 0
configure:4980: ./conftest
configure:4980: $? = 0
configure:4991: result: yes
configure:5004: checking for sys/types.h
configure:5004: gcc -c -g -O2  conftest.c >&5
configure:5004: $? = 0
configure:5004: result: yes
configure:5004: checking for sys/stat.h
configure:5004: gcc -c -g -O2  conftest.c >&5
configure:5004: $? = 0
configure:5004: result: yes
configure:5004: checking for stdlib.h
configure:5004: gcc -c -g -O2  conftest.c >&5
configure:5004: $? = 0
configure:5004: result: yes
configure:5004: checking for string.h
configure:5004: gcc -c -g -O2  conftest.c >&5
configure:5004: $? = 0
configure:5004: result: yes
configure:5004: checking for memory.h
configure:5004: gcc -c -g -O2  conftest.c >&5
configure:5004: $? = 0
configure:5004: result: yes
configure:5004: checking for strings.h
configure:5004: gcc -c -g -O2  conftest.c >&5
configure:5004: $? = 0
configure:5004: result: yes
configure:5004: checking for inttypes.h
configure:5004: gcc -c -g -O2  conftest.c >&5
configure:5004: $? = 0
configure:5004: result: yes
configure:5004: checking for stdint.h
configure:5004: gcc -c -g -O2  conftest.c >&5
configure:5004: $? = 0
configure:5004: result: yes
configure:5004: checking for unistd.h
configure:5004: gcc -c -g -O2  conftest.c >&5
configure:5004: $? = 0
configure:5004: result: yes
configure:5019: checking stddef.h usability
configure:5019: gcc -c -g -O2  conftest.c >&5
configure:5019: $? = 0
configure:5019: result: yes
configure:5019: checking stddef.h presence
configure:5019: gcc -E  conftest.c
configure:5019: $? = 0
configure:5019: result: yes
configure:5019: checking for stddef.h
configure:5019: result: yes
configure:5019: checking for stdlib.h
configure:5019: result: yes
configure:5019: checking locale.h usability
configure:5019: gcc -c -g -O2  conftest.c >&5
configure:5019: $? = 0
configure:5019: result: yes
configure:5019: checking locale.h presence
configure:5019: gcc -E  conftest.c
configure:5019: $? = 0
configure:5019: result: yes
configure:5019: checking for locale.h
configure:5019: result: yes
configure:5029: checking for string.h
configure:5029: result: yes
configure:5042: checking for size_t
configure:5069: gcc -c -g -O2  conftest.c >&5
configure:5069: $? = 0
configure:5075: result: yes
configure:5111: checking for type unsigned char
configure:5124: gcc -c -g -O2  conftest.c >&5
configure:5124: $? = 0
configure:5125: result: yes
configure:5136: checking for type unsigned short
configure:5149: gcc -c -g -O2  conftest.c >&5
configure:5149: $? = 0
configure:5150: result: yes
configure:5161: checking for type void
configure:5195: gcc -c -g -O2  conftest.c >&5
configure:5195: $? = 0
configure:5196: result: yes
configure:5206: checking for an ANSI C-conforming const
configure:5272: gcc -c -g -O2  conftest.c >&5
configure:5272: $? = 0
configure:5279: result: yes
configure:5289: checking for inline
configure:5304: gcc -c -g -O2  conftest.c >&5
configure:5304: $? = 0
configure:5342: result: __inline__
configure:5351: checking for broken incomplete types
configure:5364: gcc -c -g -O2  conftest.c >&5
configure:5364: $? = 0
configure:5365: result: ok
configure:5377: checking for short external names
configure:5393: gcc -o conftest -g -O2   conftest.c  >&5
configure:5393: $? = 0
configure:5394: result: ok
configure:5407: checking to see if char is signed
configure:5444: gcc -o conftest -g -O2   conftest.c  >&5
configure:5444: $? = 0
configure:5444: ./conftest
configure:5444: $? = 1
configure: program exited with status 1
configure: failed program was:
| /* confdefs.h */
| #define PACKAGE_NAME "libjpeg"
| #define PACKAGE_TARNAME "libjpeg"
| #define PACKAGE_VERSION "9.2.0"
| #define PACKAGE_STRING "libjpeg 9.2.0"
| #define PACKAGE_BUGREPORT ""
| #define PACKAGE_URL ""
| #define PACKAGE "libjpeg"
| #define VERSION "9.2.0"
| #define HAVE_PROTOTYPES 1
| #define STDC_HEADERS 1
| #define HAVE_SYS_TYPES_H 1
| #define HAVE_SYS_STAT_H 1
| #define HAVE_STDLIB_H 1
| #define HAVE_STRING_H 1
| #define HAVE_MEMORY_H 1
| #define HAVE_STRINGS_H 1
| #define HAVE_INTTYPES_H 1
| #define HAVE_STDINT_H 1
| #define HAVE_UNISTD_H 1
| #define HAVE_STDDEF_H 1
| #define HAVE_STDLIB_H 1
| #define HAVE_LOCALE_H 1
| #define HAVE_UNSIGNED_CHAR 1
| #define HAVE_UNSIGNED_SHORT 1
| #define INLINE __inline__
| /* end confdefs.h.  */
| 
| #ifdef HAVE_STDLIB_H
| #include <stdlib.h>
| #endif
| #include <stdio.h>
| #ifdef HAVE_PROTOTYPES
| int is_char_signed (int arg)
| #else
| int is_char_signed (arg)
|      int arg;
| #endif
| {
|   if (arg == 189) {		/* expected result for unsigned char */
|     return 0;			/* type char is unsigned */
|   }
|   else if (arg != -67) {	/* expected result for signed char */
|     printf("Hmm, it seems 'char' is not eight bits wide on your machine.\n");
|     printf("I fear the JPEG software will not work at all.\n\n");
|   }
|   return 1;			/* assume char is signed otherwise */
| }
| char signed_char_check = (char) (-67);
| int main() {
|   exit(is_char_signed((int) signed_char_check));
| }
configure:5451: result: yes
configure:5459: checking to see if right shift is signed
configure:5499: gcc -o conftest -g -O2   conftest.c  >&5
configure:5499: $? = 0
configure:5499: ./conftest
configure:5499: $? = 1
configure: program exited with status 1
configure: failed program was:
| /* confdefs.h */
| #define PACKAGE_NAME "libjpeg"
| #define PACKAGE_TARNAME "libjpeg"
| #define PACKAGE_VERSION "9.2.0"
| #define PACKAGE_STRING "libjpeg 9.2.0"
| #define PACKAGE_BUGREPORT ""
| #define PACKAGE_URL ""
| #define PACKAGE "libjpeg"
| #define VERSION "9.2.0"
| #define HAVE_PROTOTYPES 1
| #define STDC_HEADERS 1
| #define HAVE_SYS_TYPES_H 1
| #define HAVE_SYS_STAT_H 1
| #define HAVE_STDLIB_H 1
| #define HAVE_STRING_H 1
| #define HAVE_MEMORY_H 1
| #define HAVE_STRINGS_H 1
| #define HAVE_INTTYPES_H 1
| #define HAVE_STDINT_H 1
| #define HAVE_UNISTD_H 1
| #define HAVE_STDDEF_H 1
| #define HAVE_STDLIB_H 1
| #define HAVE_LOCALE_H 1
| #define HAVE_UNSIGNED_CHAR 1
| #define HAVE_UNSIGNED_SHORT 1
| #define INLINE __inline__
| /* end confdefs.h.  */
| 
| #ifdef HAVE_STDLIB_H
| #include <stdlib.h>
| #endif
| #include <stdio.h>
| #ifdef HAVE_PROTOTYPES
| int is_shifting_signed (long arg)
| #else
| int is_shifting_signed (arg)
|      long arg;
| #endif
| /* See whether right-shift on a long is signed or not. */
| {
|   long res = arg >> 4;
| 
|   if (res == -0x7F7E80CL) {	/* expected result for signed shift */
|     return 1;			/* right shift is signed */
|   }
|   /* see if unsigned-shift hack will fix it. */
|   /* we can't just test exact value since it depends on width of long... */
|   res |= (~0L) << (32-4);
|   if (res == -0x7F7E80CL) {	/* expected result now? */
|     return 0;			/* right shift is unsigned */
|   }
|   printf("Right shift isn't acting as I expect it to.\n");
|   printf("I fear the JPEG software will not work at all.\n\n");
|   return 0;			/* try it with unsigned anyway */
| }
| int main() {
|   exit(is_shifting_signed(-0x7F7E80B1L));
| }
configure:5506: result: yes
configure:5514: checking to see if fopen accepts b spec
configure:5533: gcc -o conftest -g -O2   conftest.c  >&5
configure:5533: $? = 0
configure:5533: ./conftest
configure:5533: $? = 0
configure:5534: result: yes
configure:5898: checking how to print strings
configure:5925: result: printf
configure:5946: checking for a sed that does not truncate output
configure:6010: result: /usr/bin/sed
configure:6028: checking for fgrep
configure:6090: result: /usr/bin/grep -F
configure:6125: checking for ld used by gcc
configure:6192: result: /usr/bin/ld
configure:6199: checking if the linker (/usr/bin/ld) is GNU ld
configure:6214: result: yes
configure:6226: checking for BSD- or MS-compatible name lister (nm)
configure:6280: result: /usr/bin/nm -B
configure:6410: checking the name lister (/usr/bin/nm -B) interface
configure:6417: gcc -c -g -O2  conftest.c >&5
configure:6420: /usr/bin/nm -B "conftest.o"
configure:6423: output
0000000000000000 B some_variable
configure:6424: result: BSD nm
configure:6428: checking the maximum length of command line arguments
configure:6559: result: 1572864
configure:6607: checking how to convert x86_64-unknown-linux-gnu file names to x86_64-unknown-linux-gnu format
configure:6647: result: func_convert_file_noop
configure:6654: checking how to convert x86_64-unknown-linux-gnu file names to toolchain format
configure:6674: result: func_convert_file_noop
configure:6681: checking for /usr/bin/ld option to reload object files
configure:6688: result: -r
configure:6762: checking for objdump
configure:6789: result: objdump
configure:6818: checking how to recognize dependent libraries
configure:7018: result: pass_all
configure:7103: checking for dlltool
configure:7130: result: dlltool
configure:7160: checking how to associate runtime and link libraries
configure:7187: result: printf %s\n
configure:7311: checking for archiver @FILE support
configure:7328: gcc -c -g -O2  conftest.c >&5
configure:7328: $? = 0
configure:7331: ar cru libconftest.a @conftest.lst >&5
ar: `u' modifier ignored since `D' is the default (see `U')
configure:7334: $? = 0
configure:7339: ar cru libconftest.a @conftest.lst >&5
ar: `u' modifier ignored since `D' is the default (see `U')
ar: conftest.o: No such file or directory
configure:7342: $? = 1
configure:7341: result: @
configure:7399: checking for strip
configure:7415: found /usr/bin/strip
configure:7426: result: strip
configure:7498: checking for ranlib
configure:7514: found /usr/bin/ranlib
configure:7525: result: ranlib
configure:7627: checking command to parse /usr/bin/nm -B output from gcc object
configure:7780: gcc -c -g -O2  conftest.c >&5
configure:7783: $? = 0
configure:7787: /usr/bin/nm -B conftest.o \| sed -n -e 's/^.*[ ]\([ABCDGIRSTW][ABCDGIRSTW]*\)[ ][ ]*\([_A-Za-z][_A-Za-z0-9]*\)$/\1 \2 \2/p' | sed '/ __gnu_lto/d' \> conftest.nm
configure:7790: $? = 0
configure:7856: gcc -o conftest -g -O2   conftest.c conftstm.o >&5
configure:7859: $? = 0
configure:7897: result: ok
configure:7944: checking for sysroot
configure:7974: result: no
configure:7981: checking for a working dd
configure:8019: result: /usr/bin/dd
configure:8023: checking how to truncate binary pipes
configure:8038: result: /usr/bin/dd bs=4096 count=1
configure:8174: gcc -c -g -O2  conftest.c >&5
configure:8177: $? = 0
configure:8367: checking for mt
configure:8383: found /usr/bin/mt
configure:8394: result: mt
configure:8417: checking if mt is a manifest tool
configure:8423: mt '-?'
configure:8431: result: no
configure:9105: checking for dlfcn.h
configure:9105: gcc -c -g -O2  conftest.c >&5
configure:9105: $? = 0
configure:9105: result: yes
configure:9359: checking for objdir
configure:9374: result: .libs
configure:9634: checking if gcc supports -fno-rtti -fno-exceptions
configure:9652: gcc -c -g -O2  -fno-rtti -fno-exceptions conftest.c >&5
cc1: warning: command line option '-fno-rtti' is valid for C++/D/ObjC++ but not for C
configure:9656: $? = 0
configure:9669: result: no
configure:10027: checking for gcc option to produce PIC
configure:10034: result: -fPIC -DPIC
configure:10042: checking if gcc PIC flag -fPIC -DPIC works
configure:10060: gcc -c -g -O2  -fPIC -DPIC -DPIC conftest.c >&5
configure:10064: $? = 0
configure:10077: result: yes
configure:10106: checking if gcc static flag -static works
configure:10134: result: yes
configure:10149: checking if gcc supports -c -o file.o
configure:10170: gcc -c -g -O2  -o out/conftest2.o conftest.c >&5
configure:10174: $? = 0
configure:10196: result: yes
configure:10204: checking if gcc supports -c -o file.o
configure:10251: result: yes
configure:10284: checking whether the gcc linker (/usr/bin/ld -m elf_x86_64) supports shared libraries
configure:11543: result: yes
configure:11783: checking dynamic linker characteristics
configure:12364: gcc -o conftest -g -O2   -Wl,-rpath -Wl,/foo conftest.c  >&5
configure:12364: $? = 0
configure:12601: result: GNU/Linux ld.so
configure:12723: checking how to hardcode library paths into programs
configure:12748: result: immediate
configure:13296: checking whether stripping libraries is possible
configure:13301: result: yes
configure:13336: checking if libtool supports shared libraries
configure:13338: result: yes
configure:13341: checking whether to build shared libraries
configure:13366: result: no
configure:13369: checking whether to build static libraries
configure:13373: result: yes
configure:10284: checking libjpeg version number
configure:10290: result: 11:0:2
configure:10396: checking that generated files are newer than configure
configure:10402: result: done
configure:10433: creating ./config.status

## ---------------------- ##
## Running config.status. ##
## ---------------------- ##

This file was extended by libjpeg config.status 9.2.0, which was
generated by GNU Autoconf 2.69.  Invocation command line was

  CONFIG_FILES    = 
  CONFIG_HEADERS  = 
  CONFIG_LINKS    = 
  CONFIG_COMMANDS = 
  $ ./config.status 

on darkmatter

config.status:1099: creating Makefile
config.status:1099: creating jconfig.h
config.status:1328: executing depfiles commands
config.status:1328: executing libtool commands

## ---------------- ##
## Cache variables. ##
## ---------------- ##

ac_cv_build=x86_64-unknown-linux-gnu
ac_cv_c_compiler_gnu=yes
ac_cv_c_const=yes
ac_cv_env_CC_set=
ac_cv_env_CC_value=
ac_cv_env_CFLAGS_set=
ac_cv_env_CFLAGS_value=
ac_cv_env_CPPFLAGS_set=
ac_cv_env_CPPFLAGS_value=
ac_cv_env_CPP_set=
ac_cv_env_CPP_value=
ac_cv_env_LDFLAGS_set=
ac_cv_env_LDFLAGS_value=
ac_cv_env_LIBS_set=
ac_cv_env_LIBS_value=
ac_cv_env_LT_SYS_LIBRARY_PATH_set=
ac_cv_env_LT_SYS_LIBRARY_PATH_value=
ac_cv_env_build_alias_set=
ac_cv_env_build_alias_value=
ac_cv_env_host_alias_set=
ac_cv_env_host_alias_value=
ac_cv_env_target_alias_set=
ac_cv_env_target_alias_value=
ac_cv_header_dlfcn_h=yes
ac_cv_header_inttypes_h=yes
ac_cv_header_locale_h=yes
ac_cv_header_memory_h=yes
ac_cv_header_stdc=yes
ac_cv_header_stddef_h=yes
ac_cv_header_stdint_h=yes
ac_cv_header_stdlib_h=yes
ac_cv_header_string_h=yes
ac_cv_header_strings_h=yes
ac_cv_header_sys_stat_h=yes
ac_cv_header_sys_types_h=yes
ac_cv_header_unistd_h=yes
ac_cv_host=x86_64-unknown-linux-gnu
ac_cv_objext=o
ac_cv_path_EGREP='/usr/bin/grep -E'
ac_cv_path_FGREP='/usr/bin/grep -F'
ac_cv_path_GREP=/usr/bin/grep
ac_cv_path_SED=/usr/bin/sed
ac_cv_path_install='/usr/bin/install -c'
ac_cv_path_lt_DD=/usr/bin/dd
ac_cv_path_mkdir=/usr/bin/mkdir
ac_cv_prog_AWK=mawk
ac_cv_prog_CPP='gcc -E'
ac_cv_prog_ac_ct_AR=ar
ac_cv_prog_ac_ct_CC=gcc
ac_cv_prog_ac_ct_DLLTOOL=dlltool
ac_cv_prog_ac_ct_MANIFEST_TOOL=mt
ac_cv_prog_ac_ct_OBJDUMP=objdump
ac_cv_prog_ac_ct_RANLIB=ranlib
ac_cv_prog_ac_ct_STRIP=strip
ac_cv_prog_cc_c89=
ac_cv_prog_cc_c99=
ac_cv_prog_cc_g=yes
ac_cv_prog_cc_stdc=
ac_cv_prog_make_make_set=yes
ac_cv_target=x86_64-unknown-linux-gnu
am_cv_CC_dependencies_compiler_type=gcc3
am_cv_ar_interface=ar
am_cv_make_support_nested_variables=yes
am_cv_prog_cc_c_o=yes
ijg_cv_have_prototypes=yes
ijg_cv_inline=__inline__
lt_cv_ar_at_file=@
lt_cv_deplibs_check_method=pass_all
lt_cv_file_magic_cmd='$MAGIC_CMD'
lt_cv_file_magic_test_file=
lt_cv_ld_reload_flag=-r
lt_cv_nm_interface='BSD nm'
lt_cv_objdir=.libs
lt_cv_path_LD=/usr/bin/ld
lt_cv_path_NM='/usr/bin/nm -B'
lt_cv_path_mainfest_tool=no
lt_cv_prog_compiler_c_o=yes
lt_cv_prog_compiler_pic='-fPIC -DPIC'
lt_cv_prog_compiler_pic_works=yes
lt_cv_prog_compiler_rtti_exceptions=no
lt_cv_prog_compiler_static_works=yes
lt_cv_prog_gnu_ld=yes
lt_cv_sharedlib_from_linklib_cmd='printf %s\n'
lt_cv_shlibpath_overrides_runpath=yes
lt_cv_sys_global_symbol_pipe='sed -n -e '\''s/^.*[	 ]\([ABCDGIRSTW][ABCDGIRSTW]*\)[	 ][	 ]*\([_A-Za-z][_A-Za-z0-9]*\)$/\1 \2 \2/p'\'' | sed '\''/ __gnu_lto/d'\'''
lt_cv_sys_global_symbol_to_c_name_address='sed -n -e '\''s/^: \(.*\) .*$/  {"\1", (void *) 0},/p'\'' -e '\''s/^[ABCDGIRSTW][ABCDGIRSTW]* .* \(.*\)$/  {"\1", (void *) \&\1},/p'\'''
lt_cv_sys_global_symbol_to_c_name_address_lib_prefix='sed -n -e '\''s/^: \(.*\) .*$/  {"\1", (void *) 0},/p'\'' -e '\''s/^[ABCDGIRSTW][ABCDGIRSTW]* .* \(lib.*\)$/  {"\1", (void *) \&\1},/p'\'' -e '\''s/^[ABCDGIRSTW][ABCDGIRSTW]* .* \(.*\)$/  {"lib\1", (void *) \&\1},/p'\'''
lt_cv_sys_global_symbol_to_cdecl='sed -n -e '\''s/^T .* \(.*\)$/extern int \1();/p'\'' -e '\''s/^[ABCDGIRSTW][ABCDGIRSTW]* .* \(.*\)$/extern char \1;/p'\'''
lt_cv_sys_global_symbol_to_import=
lt_cv_sys_max_cmd_len=1572864
lt_cv_to_host_file_cmd=func_convert_file_noop
lt_cv_to_tool_file_cmd=func_convert_file_noop
lt_cv_truncate_bin='/usr/bin/dd bs=4096 count=1'

## ----------------- ##
## Output variables. ##
## ----------------- ##

ACLOCAL='${SHELL} /home/rumen/indigo_control_panel.git/libjpeg/missing aclocal-1.15'
AMDEPBACKSLASH='\'
AMDEP_FALSE='#'
AMDEP_TRUE=''
AMTAR='$${TAR-tar}'
AM_BACKSLASH='\'
AM_DEFAULT_V='$(AM_DEFAULT_VERBOSITY)'
AM_DEFAULT_VERBOSITY='0'
AM_V='$(V)'
AR='ar'
AS='as'
AUTOCONF='${SHELL} /home/rumen/indigo_control_panel.git/libjpeg/missing autoconf'
AUTOHEADER='echo autoheader ignored'
AUTOMAKE='${SHELL} /home/rumen/indigo_control_panel.git/libjpeg/missing automake-1.15'
AWK='mawk'
CC='gcc'
CCDEPMODE='depmode=gcc3'
CFLAGS='-g -O2'
CPP='gcc -E'
CPPFLAGS=''
CYGPATH_W='echo'
DEFS='-DHAVE_CONFIG_H'
DEPDIR='.deps'
DLLTOOL='dlltool'
DSYMUTIL=''
DUMPBIN=''
ECHO_C=''
ECHO_N='-n'
ECHO_T=''
EGREP='/usr/bin/grep -E'
EXEEXT=''
FGREP='/usr/bin/grep -F'
GREP='/usr/bin/grep'
HAVE_LD_VERSION_SCRIPT_FALSE='#'
HAVE_LD_VERSION_SCRIPT_TRUE=''
INSTALL_DATA='${INSTALL} -m 644'
INSTALL_PROGRAM='${INSTALL}'
INSTALL_SCRIPT='${INSTALL}'
INSTALL_STRIP_PROGRAM='$(install_sh) -c -s'
JPEG_LIB_VERSION='11:0:2'
LD='/usr/bin/ld -m elf_x86_64'
LDFLAGS=''
LIBOBJS=''
LIBS=''
LIBTOOL='$(SHELL) $(top_builddir)/libtool'
LIPO=''
LN_S='ln -s'
LTLIBOBJS=''
LT_SYS_LIBRARY_PATH=''
MAINT='#'
MAINTAINER_MODE_FALSE=''
MAINTAINER_MODE_TRUE='#'
MAKEINFO='${SHELL} /home/rumen/indigo_control_panel.git/libjpeg/missing makeinfo'
MANIFEST_TOOL=':'
MEMORYMGR='jmemnobs'
MKDIR_P='/usr/bin/mkdir -p'
NM='/usr/bin/nm -B'
NMEDIT=''
OBJDUMP='objdump'
OBJEXT='o'
OTOOL64=''
OTOOL=''
PACKAGE='libjpeg'
PACKAGE_BUGREPORT=''
PACKAGE_NAME='libjpeg'
PACKAGE_STRING='libjpeg 9.2.0'
PACKAGE_TARNAME='libjpeg'
PACKAGE_URL=''
PACKAGE_VERSION='9.2.0'
PATH_SEPARATOR=':'
RANLIB='ranlib'
SED='/usr/bin/sed'
SET_MAKE=''
SHELL='/bin/bash'
STRIP='strip'
VERSION='9.2.0'
ac_ct_AR='ar'
ac_ct_CC='gcc'
ac_ct_DUMPBIN=''
am__EXEEXT_FALSE=''
am__EXEEXT_TRUE='#'
am__fastdepCC_FALSE='#'
am__fastdepCC_TRUE=''
am__include='include'
am__isrc=''
am__leading_dot='.'
am__nodep='_no'
am__quote=''
am__tar='$${TAR-tar} chof - "$$tardir"'
am__untar='$${TAR-tar} xf -'
bindir='${exec_prefix}/bin'
build='x86_64-unknown-linux-gnu'
build_alias=''
build_cpu='x86_64'
build_os='linux-gnu'
build_vendor='unknown'
datadir='${datarootdir}'
datarootdir='${prefix}/share'
docdir='${datarootdir}/doc/${PACKAGE_TARNAME}'
dvidir='${docdir}'
exec_prefix='${prefix}'
host='x86_64-unknown-linux-gnu'
host_alias=''
host_cpu='x86_64'
host_os='linux-gnu'
host_vendor='unknown'
htmldir='${docdir}'
includedir='${prefix}/include'
infodir='${datarootdir}/info'
install_sh='${SHELL} /home/rumen/indigo_control_panel.git/libjpeg/install-sh'
libdir='${exec_prefix}/lib'
libexecdir='${exec_prefix}/libexec'
localedir='${datarootdir}/locale'
localstatedir='${prefix}/var'
mandir='${datarootdir}/man'
mkdir_p='$(MKDIR_P)'
oldincludedir='/usr/include'
pdfdir='${docdir}'
prefix='/usr/local'
program_transform_name='s,x,x,'
psdir='${docdir}'
sbindir='${exec_prefix}/sbin'
sharedstatedir='${prefix}/com'
sysconfdir='${prefix}/etc'
target='x86_64-unknown-linux-gnu'
target_alias=''
target_cpu='x86_64'
target_os='linux-gnu'
target_vendor='unknown'

## ----------- ##
## confdefs.h. ##
## ----------- ##

/* confdefs.h */
#define PACKAGE_NAME "libjpeg"
#define PACKAGE_TARNAME "libjpeg"
#define PACKAGE_VERSION "9.2.0"
#define PACKAGE_STRING "libjpeg 9.2.0"
#define PACKAGE_BUGREPORT ""
#define PACKAGE_URL ""
#define PACKAGE "libjpeg"
#define VERSION "9.2.0"
#define HAVE_PROTOTYPES 1
#define STDC_HEADERS 1
#define HAVE_SYS_TYPES_H 1
#define HAVE_SYS_STAT_H 1
#define HAVE_STDLIB_H 1
#define HAVE_STRING_H 1
#define HAVE_MEMORY_H 1
#define HAVE_STRINGS_H 1
#define HAVE_INTTYPES_H 1
#define HAVE_STDINT_H 1
#define HAVE_UNISTD_H 1
#define HAVE_STDDEF_H 1
#define HAVE_STDLIB_H 1
#define HAVE_LOCALE_H 1
#define HAVE_UNSIGNED_CHAR 1
#define HAVE_UNSIGNED_SHORT 1
#define INLINE __inline__
#define HAVE_DLFCN_H 1
#define LT_OBJDIR ".libs/"

configure: exit 0
